<?xml version="1.0" encoding="UTF-8"?>
<!-- Generated by org.testng.reporters.JUnitXMLReporter -->
<testsuite ignored="0" hostname="TXCHD-LAP-165" failures="1" tests="1" name="RegisterationPage" time="225.562" errors="0" timestamp="2024-09-06T08:28:05 IST">
  <testcase classname="PageTests.RegisterPageTests" name="testRegisterUser" time="0.013">
    <failure type="java.lang.NullPointerException" message="Cannot invoke &amp;quot;org.openqa.selenium.WebDriver.get(String)&amp;quot; because &amp;quot;this.driver&amp;quot; is null">
      <![CDATA[java.lang.NullPointerException: Cannot invoke "org.openqa.selenium.WebDriver.get(String)" because "this.driver" is null
at pages.HomePage.loadHomePage(HomePage.java:32)
at PageTests.RegisterPageTests.testRegisterUser(RegisterPageTests.java:23)
at java.base/java.util.ArrayList.forEach(ArrayList.java:1511)
... Removed 27 stack frames]]>
    </failure>
  </testcase> <!-- testRegisterUser -->
</testsuite> <!-- RegisterationPage -->
